<?xml version="1.0" encoding="UTF-8"?>
<!-- Generated by org.testng.reporters.JUnitReportReporter -->
<testsuite hostname="DESKTOP-SEKDPB4" failures="0" tests="4" name="tests.TestClass123" time="0.016" errors="0" timestamp="2022-09-17T09:48:44 IST" skipped="0">
  <testcase classname="tests.TestClass123" name="test2" time="0.002"/>
  <system-out/>
  <testcase classname="tests.TestClass123" name="test3" time="0.009"/>
  <system-out/>
  <testcase classname="tests.TestClass123" name="test4" time="0.002"/>
  <system-out/>
  <testcase classname="tests.TestClass123" name="test1" time="0.003"/>
  <system-out/>
</testsuite> <!-- tests.TestClass123 -->
