<?xml version="1.0" encoding="UTF-8"?>
<!-- Generated by org.testng.reporters.JUnitReportReporter -->
<testsuite hostname="DESKTOP-SEKDPB4" failures="0" tests="2" name="tests.TestNG" time="10.881" errors="0" timestamp="2022-09-10T10:03:14 IST" skipped="0">
  <testcase classname="tests.TestNG" name="test1" time="4.653"/>
  <system-out/>
  <testcase classname="tests.TestNG" name="test2" time="6.228"/>
  <system-out/>
</testsuite> <!-- tests.TestNG -->
