<?xml version="1.0" encoding="UTF-8"?>
<!-- Generated by org.testng.reporters.JUnitReportReporter -->
<testsuite hostname="DESKTOP-SEKDPB4" failures="0" tests="4" name="tests.TestClass1" time="0.015" errors="0" timestamp="2022-09-17T10:15:58 IST" skipped="0">
  <testcase classname="tests.TestClass1" name="test1" time="0.010"/>
  <system-out/>
  <testcase classname="tests.TestClass1" name="test3" time="0.002"/>
  <system-out/>
  <testcase classname="tests.TestClass1" name="test4" time="0.001"/>
  <system-out/>
  <testcase classname="tests.TestClass1" name="test2" time="0.002"/>
  <system-out/>
</testsuite> <!-- tests.TestClass1 -->
