<?xml version="1.0" encoding="UTF-8"?>
<!-- Generated by org.testng.reporters.JUnitReportReporter -->
<testsuite hostname="DESKTOP-SEKDPB4" failures="0" tests="8" name="tests.TestClass2" time="0.012" errors="0" timestamp="2022-09-17T10:15:58 IST" skipped="0">
  <testcase classname="tests.TestClass2" name="testC" time="0.003"/>
  <system-out/>
  <testcase classname="tests.TestClass2" name="testC" time="0.002"/>
  <system-out/>
  <testcase classname="tests.TestClass2" name="testD" time="0.001"/>
  <system-out/>
  <testcase classname="tests.TestClass2" name="testD" time="0.001"/>
  <system-out/>
  <testcase classname="tests.TestClass2" name="testB" time="0.001"/>
  <system-out/>
  <testcase classname="tests.TestClass2" name="testA" time="0.001"/>
  <system-out/>
  <testcase classname="tests.TestClass2" name="testA" time="0.001"/>
  <system-out/>
  <testcase classname="tests.TestClass2" name="testB" time="0.002"/>
  <system-out/>
</testsuite> <!-- tests.TestClass2 -->
