<?xml version="1.0" encoding="UTF-8"?>
<!-- Generated by org.testng.reporters.JUnitReportReporter -->
<testsuite hostname="DESKTOP-SEKDPB4" failures="0" tests="4" name="tests.TestClass" time="0.017" errors="0" timestamp="2022-09-17T09:48:44 IST" skipped="0">
  <testcase classname="tests.TestClass" name="testD" time="0.002"/>
  <system-out/>
  <testcase classname="tests.TestClass" name="testC" time="0.003"/>
  <system-out/>
  <testcase classname="tests.TestClass" name="testA" time="0.011"/>
  <system-out/>
  <testcase classname="tests.TestClass" name="testB" time="0.001"/>
  <system-out/>
</testsuite> <!-- tests.TestClass -->
